{
  "stats": {
    "suites": 8,
    "tests": 12,
    "passes": 12,
    "pending": 0,
    "failures": 0,
    "start": "2026-06-29T02:41:46.369Z",
    "end": "2026-06-29T02:42:31.451Z",
    "duration": 45082,
    "testsRegistered": 12,
    "passPercent": 100,
    "pendingPercent": 0,
    "other": 0,
    "hasOther": false,
    "skipped": 0,
    "hasSkipped": false
  },
  "results": [
    {
      "uuid": "e40e0c1e-87b9-4f93-80be-b13ca10ffd68",
      "title": "",
      "fullFile": "cypress\\e2e\\smoke.cy.js",
      "file": "cypress\\e2e\\smoke.cy.js",
      "beforeHooks": [],
      "afterHooks": [],
      "tests": [],
      "suites": [
        {
          "uuid": "7b5afe90-556a-407c-828a-c6888b6a5b26",
          "title": "Testes Smoke [macbook-13]",
          "fullFile": "",
          "file": "",
          "beforeHooks": [],
          "afterHooks": [],
          "tests": [],
          "suites": [
            {
              "uuid": "0ab91e8f-57a4-4df1-b71e-126990a8fae5",
              "title": "Testes de Cadastro",
              "fullFile": "",
              "file": "",
              "beforeHooks": [],
              "afterHooks": [],
              "tests": [
                {
                  "title": "Cadastro com credenciais válidas",
                  "fullTitle": "Testes Smoke [macbook-13] Testes de Cadastro Cadastro com credenciais válidas",
                  "timedOut": null,
                  "duration": 3323,
                  "state": "passed",
                  "speed": "fast",
                  "pass": true,
                  "fail": false,
                  "pending": false,
                  "context": null,
                  "code": "_cadastro_usuario_page.default.cadastrar_usuario();\n_cadastro_usuario_page.default.alerta_sucesso.should('be.visible').and('contain.text', 'Cadastro realizado');\ncy.url().should('equal', 'https://www.automationpratice.com.br/my-account');",
                  "err": {},
                  "uuid": "e6a3e048-5fea-4f80-aa93-b9b2a9cde804",
                  "parentUUID": "0ab91e8f-57a4-4df1-b71e-126990a8fae5",
                  "isHook": false,
                  "skipped": false
                }
              ],
              "suites": [],
              "passes": [
                "e6a3e048-5fea-4f80-aa93-b9b2a9cde804"
              ],
              "failures": [],
              "pending": [],
              "skipped": [],
              "duration": 3323,
              "root": false,
              "rootEmpty": false,
              "_timeout": 2000
            },
            {
              "uuid": "aad072f4-9e0e-4911-84a5-651ff958150e",
              "title": "Testes de Login",
              "fullFile": "",
              "file": "",
              "beforeHooks": [],
              "afterHooks": [],
              "tests": [
                {
                  "title": "Login com credenciais válidas",
                  "fullTitle": "Testes Smoke [macbook-13] Testes de Login Login com credenciais válidas",
                  "timedOut": null,
                  "duration": 1780,
                  "state": "passed",
                  "speed": "fast",
                  "pass": true,
                  "fail": false,
                  "pending": false,
                  "context": null,
                  "code": "_login_usuario_page.default.logar_usuario();\n_login_usuario_page.default.alertaSucesso.should('be.visible').and('contain.text', 'Login realizado');\ncy.url().should('equal', 'https://www.automationpratice.com.br/my-account');",
                  "err": {},
                  "uuid": "92bc96dd-a9a8-4895-9ac0-f42d08e7f2b9",
                  "parentUUID": "aad072f4-9e0e-4911-84a5-651ff958150e",
                  "isHook": false,
                  "skipped": false
                }
              ],
              "suites": [],
              "passes": [
                "92bc96dd-a9a8-4895-9ac0-f42d08e7f2b9"
              ],
              "failures": [],
              "pending": [],
              "skipped": [],
              "duration": 1780,
              "root": false,
              "rootEmpty": false,
              "_timeout": 2000
            },
            {
              "uuid": "2460f4e9-0c15-421a-9738-04fc9b132399",
              "title": "Testes de Checkout",
              "fullFile": "",
              "file": "",
              "beforeHooks": [],
              "afterHooks": [],
              "tests": [
                {
                  "title": "Salvar endereço com sucesso",
                  "fullTitle": "Testes Smoke [macbook-13] Testes de Checkout Salvar endereço com sucesso",
                  "timedOut": null,
                  "duration": 3640,
                  "state": "passed",
                  "speed": "fast",
                  "pass": true,
                  "fail": false,
                  "pending": false,
                  "context": null,
                  "code": "_checkout_page.default.preencher_formulario_completo();\n_checkout_page.default.salvar_endereco();\n_checkout_page.default.msg_endereco.should(\"be.visible\").and('have.text', 'Billings Information registred with success!');",
                  "err": {},
                  "uuid": "002feffd-dc6c-49c9-88ac-0fcbb08dfa35",
                  "parentUUID": "2460f4e9-0c15-421a-9738-04fc9b132399",
                  "isHook": false,
                  "skipped": false
                },
                {
                  "title": "Sucesso com pagamento Direct Bank Transfer",
                  "fullTitle": "Testes Smoke [macbook-13] Testes de Checkout Sucesso com pagamento Direct Bank Transfer",
                  "timedOut": null,
                  "duration": 4317,
                  "state": "passed",
                  "speed": "fast",
                  "pass": true,
                  "fail": false,
                  "pending": false,
                  "context": null,
                  "code": "_checkout_page.default.preencher_formulario_completo();\n_checkout_page.default.salvar_endereco();\n_checkout_page.default.selecionar_pagamento(cenario.payment);\n_checkout_page.default.realizar_checkout();\n_checkout_page.default.msg_sucesso.should('be.visible').and('have.text', 'Order success!');",
                  "err": {},
                  "uuid": "e7166129-e9ac-474b-8d25-4f0eca16199f",
                  "parentUUID": "2460f4e9-0c15-421a-9738-04fc9b132399",
                  "isHook": false,
                  "skipped": false
                },
                {
                  "title": "Sucesso com pagamento Mobile Banking",
                  "fullTitle": "Testes Smoke [macbook-13] Testes de Checkout Sucesso com pagamento Mobile Banking",
                  "timedOut": null,
                  "duration": 3718,
                  "state": "passed",
                  "speed": "fast",
                  "pass": true,
                  "fail": false,
                  "pending": false,
                  "context": null,
                  "code": "_checkout_page.default.preencher_formulario_completo();\n_checkout_page.default.salvar_endereco();\n_checkout_page.default.selecionar_pagamento(cenario.payment);\n_checkout_page.default.realizar_checkout();\n_checkout_page.default.msg_sucesso.should('be.visible').and('have.text', 'Order success!');",
                  "err": {},
                  "uuid": "d9fa8fc3-893a-45fe-88a4-c9f840d5e74e",
                  "parentUUID": "2460f4e9-0c15-421a-9738-04fc9b132399",
                  "isHook": false,
                  "skipped": false
                },
                {
                  "title": "Sucesso com pagamento Paypal",
                  "fullTitle": "Testes Smoke [macbook-13] Testes de Checkout Sucesso com pagamento Paypal",
                  "timedOut": null,
                  "duration": 4424,
                  "state": "passed",
                  "speed": "fast",
                  "pass": true,
                  "fail": false,
                  "pending": false,
                  "context": null,
                  "code": "_checkout_page.default.preencher_formulario_completo();\n_checkout_page.default.salvar_endereco();\n_checkout_page.default.selecionar_pagamento(cenario.payment);\n_checkout_page.default.realizar_checkout();\n_checkout_page.default.msg_sucesso.should('be.visible').and('have.text', 'Order success!');",
                  "err": {},
                  "uuid": "dc868a82-edd1-4414-9e8d-8f34837ade6d",
                  "parentUUID": "2460f4e9-0c15-421a-9738-04fc9b132399",
                  "isHook": false,
                  "skipped": false
                }
              ],
              "suites": [],
              "passes": [
                "002feffd-dc6c-49c9-88ac-0fcbb08dfa35",
                "e7166129-e9ac-474b-8d25-4f0eca16199f",
                "d9fa8fc3-893a-45fe-88a4-c9f840d5e74e",
                "dc868a82-edd1-4414-9e8d-8f34837ade6d"
              ],
              "failures": [],
              "pending": [],
              "skipped": [],
              "duration": 16099,
              "root": false,
              "rootEmpty": false,
              "_timeout": 2000
            }
          ],
          "passes": [],
          "failures": [],
          "pending": [],
          "skipped": [],
          "duration": 0,
          "root": false,
          "rootEmpty": false,
          "_timeout": 2000
        },
        {
          "uuid": "986afb3a-6737-4b6e-a464-81af8072dbec",
          "title": "Testes Smoke [iphone-6]",
          "fullFile": "",
          "file": "",
          "beforeHooks": [],
          "afterHooks": [],
          "tests": [],
          "suites": [
            {
              "uuid": "b729913e-ef96-458c-943e-9cb19abf7d0b",
              "title": "Testes de Cadastro",
              "fullFile": "",
              "file": "",
              "beforeHooks": [],
              "afterHooks": [],
              "tests": [
                {
                  "title": "Cadastro com credenciais válidas",
                  "fullTitle": "Testes Smoke [iphone-6] Testes de Cadastro Cadastro com credenciais válidas",
                  "timedOut": null,
                  "duration": 2089,
                  "state": "passed",
                  "speed": "fast",
                  "pass": true,
                  "fail": false,
                  "pending": false,
                  "context": null,
                  "code": "_cadastro_usuario_page.default.cadastrar_usuario();\n_cadastro_usuario_page.default.alerta_sucesso.should('be.visible').and('contain.text', 'Cadastro realizado');\ncy.url().should('equal', 'https://www.automationpratice.com.br/my-account');",
                  "err": {},
                  "uuid": "65f6c22f-b5e1-4205-8df5-463c00164be8",
                  "parentUUID": "b729913e-ef96-458c-943e-9cb19abf7d0b",
                  "isHook": false,
                  "skipped": false
                }
              ],
              "suites": [],
              "passes": [
                "65f6c22f-b5e1-4205-8df5-463c00164be8"
              ],
              "failures": [],
              "pending": [],
              "skipped": [],
              "duration": 2089,
              "root": false,
              "rootEmpty": false,
              "_timeout": 2000
            },
            {
              "uuid": "586bbc71-11fd-4729-91f2-270408133be2",
              "title": "Testes de Login",
              "fullFile": "",
              "file": "",
              "beforeHooks": [],
              "afterHooks": [],
              "tests": [
                {
                  "title": "Login com credenciais válidas",
                  "fullTitle": "Testes Smoke [iphone-6] Testes de Login Login com credenciais válidas",
                  "timedOut": null,
                  "duration": 1590,
                  "state": "passed",
                  "speed": "fast",
                  "pass": true,
                  "fail": false,
                  "pending": false,
                  "context": null,
                  "code": "_login_usuario_page.default.logar_usuario();\n_login_usuario_page.default.alertaSucesso.should('be.visible').and('contain.text', 'Login realizado');\ncy.url().should('equal', 'https://www.automationpratice.com.br/my-account');",
                  "err": {},
                  "uuid": "c39b7443-25fd-4380-8f6b-e37707277de0",
                  "parentUUID": "586bbc71-11fd-4729-91f2-270408133be2",
                  "isHook": false,
                  "skipped": false
                }
              ],
              "suites": [],
              "passes": [
                "c39b7443-25fd-4380-8f6b-e37707277de0"
              ],
              "failures": [],
              "pending": [],
              "skipped": [],
              "duration": 1590,
              "root": false,
              "rootEmpty": false,
              "_timeout": 2000
            },
            {
              "uuid": "25e0e116-2fd5-4ae1-a6ae-93ebb0f19226",
              "title": "Testes de Checkout",
              "fullFile": "",
              "file": "",
              "beforeHooks": [],
              "afterHooks": [],
              "tests": [
                {
                  "title": "Salvar endereço com sucesso",
                  "fullTitle": "Testes Smoke [iphone-6] Testes de Checkout Salvar endereço com sucesso",
                  "timedOut": null,
                  "duration": 4176,
                  "state": "passed",
                  "speed": "fast",
                  "pass": true,
                  "fail": false,
                  "pending": false,
                  "context": null,
                  "code": "_checkout_page.default.preencher_formulario_completo();\n_checkout_page.default.salvar_endereco();\n_checkout_page.default.msg_endereco.should(\"be.visible\").and('have.text', 'Billings Information registred with success!');",
                  "err": {},
                  "uuid": "9b82ee07-f197-491c-8bc1-083df3d41268",
                  "parentUUID": "25e0e116-2fd5-4ae1-a6ae-93ebb0f19226",
                  "isHook": false,
                  "skipped": false
                },
                {
                  "title": "Sucesso com pagamento Direct Bank Transfer",
                  "fullTitle": "Testes Smoke [iphone-6] Testes de Checkout Sucesso com pagamento Direct Bank Transfer",
                  "timedOut": null,
                  "duration": 4888,
                  "state": "passed",
                  "speed": "fast",
                  "pass": true,
                  "fail": false,
                  "pending": false,
                  "context": null,
                  "code": "_checkout_page.default.preencher_formulario_completo();\n_checkout_page.default.salvar_endereco();\n_checkout_page.default.selecionar_pagamento(cenario.payment);\n_checkout_page.default.realizar_checkout();\n_checkout_page.default.msg_sucesso.should('be.visible').and('have.text', 'Order success!');",
                  "err": {},
                  "uuid": "af584aa7-e11b-4810-b1b0-ae586a3bde19",
                  "parentUUID": "25e0e116-2fd5-4ae1-a6ae-93ebb0f19226",
                  "isHook": false,
                  "skipped": false
                },
                {
                  "title": "Sucesso com pagamento Mobile Banking",
                  "fullTitle": "Testes Smoke [iphone-6] Testes de Checkout Sucesso com pagamento Mobile Banking",
                  "timedOut": null,
                  "duration": 3973,
                  "state": "passed",
                  "speed": "fast",
                  "pass": true,
                  "fail": false,
                  "pending": false,
                  "context": null,
                  "code": "_checkout_page.default.preencher_formulario_completo();\n_checkout_page.default.salvar_endereco();\n_checkout_page.default.selecionar_pagamento(cenario.payment);\n_checkout_page.default.realizar_checkout();\n_checkout_page.default.msg_sucesso.should('be.visible').and('have.text', 'Order success!');",
                  "err": {},
                  "uuid": "940b3514-b828-46f4-a7f0-8240b2eb2682",
                  "parentUUID": "25e0e116-2fd5-4ae1-a6ae-93ebb0f19226",
                  "isHook": false,
                  "skipped": false
                },
                {
                  "title": "Sucesso com pagamento Paypal",
                  "fullTitle": "Testes Smoke [iphone-6] Testes de Checkout Sucesso com pagamento Paypal",
                  "timedOut": null,
                  "duration": 4267,
                  "state": "passed",
                  "speed": "fast",
                  "pass": true,
                  "fail": false,
                  "pending": false,
                  "context": null,
                  "code": "_checkout_page.default.preencher_formulario_completo();\n_checkout_page.default.salvar_endereco();\n_checkout_page.default.selecionar_pagamento(cenario.payment);\n_checkout_page.default.realizar_checkout();\n_checkout_page.default.msg_sucesso.should('be.visible').and('have.text', 'Order success!');",
                  "err": {},
                  "uuid": "7ef3b10c-73d6-4ba3-bb18-dc057773a720",
                  "parentUUID": "25e0e116-2fd5-4ae1-a6ae-93ebb0f19226",
                  "isHook": false,
                  "skipped": false
                }
              ],
              "suites": [],
              "passes": [
                "9b82ee07-f197-491c-8bc1-083df3d41268",
                "af584aa7-e11b-4810-b1b0-ae586a3bde19",
                "940b3514-b828-46f4-a7f0-8240b2eb2682",
                "7ef3b10c-73d6-4ba3-bb18-dc057773a720"
              ],
              "failures": [],
              "pending": [],
              "skipped": [],
              "duration": 17304,
              "root": false,
              "rootEmpty": false,
              "_timeout": 2000
            }
          ],
          "passes": [],
          "failures": [],
          "pending": [],
          "skipped": [],
          "duration": 0,
          "root": false,
          "rootEmpty": false,
          "_timeout": 2000
        }
      ],
      "passes": [],
      "failures": [],
      "pending": [],
      "skipped": [],
      "duration": 0,
      "root": true,
      "rootEmpty": true,
      "_timeout": 2000
    }
  ],
  "meta": {
    "mocha": {
      "version": "7.2.0"
    },
    "mochawesome": {
      "options": {
        "quiet": false,
        "reportFilename": "mochawesome",
        "saveHtml": true,
        "saveJson": true,
        "consoleReporter": "spec",
        "useInlineDiffs": false,
        "code": true
      },
      "version": "7.1.3"
    },
    "marge": {
      "options": null,
      "version": "6.3.2"
    }
  }
}